This is pdfTeX, Version 3.14159265-2.6-1.40.17 (MiKTeX 2.9.6210 64-bit) (preloaded format=pdflatex 2017.4.17)  22 APR 2017 21:22
entering extended mode
**./report.tex
(report.tex
LaTeX2e <2017/01/01> patch level 1
Babel <3.9r> and hyphenation patterns for 75 language(s) loaded.
("D:\Program Files\MiKTeX 2.9\tex\latex\base\report.cls"
Document Class: report 2014/09/29 v1.4h Standard LaTeX document class
("D:\Program Files\MiKTeX 2.9\tex\latex\base\size12.clo"
File: size12.clo 2014/09/29 v1.4h Standard LaTeX file (size option)
)
\c@part=\count79
\c@chapter=\count80
\c@section=\count81
\c@subsection=\count82
\c@subsubsection=\count83
\c@paragraph=\count84
\c@subparagraph=\count85
\c@figure=\count86
\c@table=\count87
\abovecaptionskip=\skip41
\belowcaptionskip=\skip42
\bibindent=\dimen102
)
("D:\Program Files\MiKTeX 2.9\tex\latex\amsmath\amsmath.sty"
Package: amsmath 2016/11/05 v2.16a AMS math features
\@mathmargin=\skip43

For additional information on amsmath, use the `?' option.
("D:\Program Files\MiKTeX 2.9\tex\latex\amsmath\amstext.sty"
Package: amstext 2000/06/29 v2.01 AMS text

("D:\Program Files\MiKTeX 2.9\tex\latex\amsmath\amsgen.sty"
File: amsgen.sty 1999/11/30 v2.0 generic functions
\@emptytoks=\toks14
\ex@=\dimen103
))
("D:\Program Files\MiKTeX 2.9\tex\latex\amsmath\amsbsy.sty"
Package: amsbsy 1999/11/29 v1.2d Bold Symbols
\pmbraise@=\dimen104
)
("D:\Program Files\MiKTeX 2.9\tex\latex\amsmath\amsopn.sty"
Package: amsopn 2016/03/08 v2.02 operator names
)
\inf@bad=\count88
LaTeX Info: Redefining \frac on input line 213.
\uproot@=\count89
\leftroot@=\count90
LaTeX Info: Redefining \overline on input line 375.
\classnum@=\count91
\DOTSCASE@=\count92
LaTeX Info: Redefining \ldots on input line 472.
LaTeX Info: Redefining \dots on input line 475.
LaTeX Info: Redefining \cdots on input line 596.
\Mathstrutbox@=\box26
\strutbox@=\box27
\big@size=\dimen105
LaTeX Font Info:    Redeclaring font encoding OML on input line 712.
LaTeX Font Info:    Redeclaring font encoding OMS on input line 713.
\macc@depth=\count93
\c@MaxMatrixCols=\count94
\dotsspace@=\muskip10
\c@parentequation=\count95
\dspbrk@lvl=\count96
\tag@help=\toks15
\row@=\count97
\column@=\count98
\maxfields@=\count99
\andhelp@=\toks16
\eqnshift@=\dimen106
\alignsep@=\dimen107
\tagshift@=\dimen108
\tagwidth@=\dimen109
\totwidth@=\dimen110
\lineht@=\dimen111
\@envbody=\toks17
\multlinegap=\skip44
\multlinetaggap=\skip45
\mathdisplay@stack=\toks18
LaTeX Info: Redefining \[ on input line 2817.
LaTeX Info: Redefining \] on input line 2818.
)
("D:\Program Files\MiKTeX 2.9\tex\latex\graphics\graphicx.sty"
Package: graphicx 2014/10/28 v1.0g Enhanced LaTeX Graphics (DPC,SPQR)

("D:\Program Files\MiKTeX 2.9\tex\latex\graphics\keyval.sty"
Package: keyval 2014/10/28 v1.15 key=value parser (DPC)
\KV@toks@=\toks19
)
("D:\Program Files\MiKTeX 2.9\tex\latex\graphics\graphics.sty"
Package: graphics 2016/10/09 v1.0u Standard LaTeX Graphics (DPC,SPQR)

("D:\Program Files\MiKTeX 2.9\tex\latex\graphics\trig.sty"
Package: trig 2016/01/03 v1.10 sin cos tan (DPC)
)
("D:\Program Files\MiKTeX 2.9\tex\latex\graphics-cfg\graphics.cfg"
File: graphics.cfg 2016/06/04 v1.11 sample graphics configuration
)
Package graphics Info: Driver file: pdftex.def on input line 99.

("D:\Program Files\MiKTeX 2.9\tex\latex\graphics-def\pdftex.def"
File: pdftex.def 2017/01/12 v0.06k Graphics/color for pdfTeX

("D:\Program Files\MiKTeX 2.9\tex\generic\oberdiek\infwarerr.sty"
Package: infwarerr 2016/05/16 v1.4 Providing info/warning/error messages (HO)
)
("D:\Program Files\MiKTeX 2.9\tex\generic\oberdiek\ltxcmds.sty"
Package: ltxcmds 2016/05/16 v1.23 LaTeX kernel commands for general use (HO)
)
\Gread@gobject=\count100
))
\Gin@req@height=\dimen112
\Gin@req@width=\dimen113
)
("D:\Program Files\MiKTeX 2.9\tex\latex\url\url.sty"
\Urlmuskip=\muskip11
Package: url 2013/09/16  ver 3.4  Verb mode for urls, etc.
)
("D:\Program Files\MiKTeX 2.9\tex\latex\hyperref\hyperref.sty"
Package: hyperref 2016/06/24 v6.83q Hypertext links for LaTeX

("D:\Program Files\MiKTeX 2.9\tex\generic\oberdiek\hobsub-hyperref.sty"
Package: hobsub-hyperref 2016/05/16 v1.14 Bundle oberdiek, subset hyperref (HO)


("D:\Program Files\MiKTeX 2.9\tex\generic\oberdiek\hobsub-generic.sty"
Package: hobsub-generic 2016/05/16 v1.14 Bundle oberdiek, subset generic (HO)
Package: hobsub 2016/05/16 v1.14 Construct package bundles (HO)
Package hobsub Info: Skipping package `infwarerr' (already loaded).
Package hobsub Info: Skipping package `ltxcmds' (already loaded).
Package: ifluatex 2016/05/16 v1.4 Provides the ifluatex switch (HO)
Package ifluatex Info: LuaTeX not detected.
Package: ifvtex 2016/05/16 v1.6 Detect VTeX and its facilities (HO)
Package ifvtex Info: VTeX not detected.
Package: intcalc 2016/05/16 v1.2 Expandable calculations with integers (HO)
Package: ifpdf 2016/05/14 v3.1 Provides the ifpdf switch
Package: etexcmds 2016/05/16 v1.6 Avoid name clashes with e-TeX commands (HO)
Package etexcmds Info: Could not find \expanded.
(etexcmds)             That can mean that you are not using pdfTeX 1.50 or
(etexcmds)             that some package has redefined \expanded.
(etexcmds)             In the latter case, load this package earlier.
Package: kvsetkeys 2016/05/16 v1.17 Key value parser (HO)
Package: kvdefinekeys 2016/05/16 v1.4 Define keys (HO)
Package: pdftexcmds 2016/05/21 v0.22 Utility functions of pdfTeX for LuaTeX (HO
)
Package pdftexcmds Info: LuaTeX not detected.
Package pdftexcmds Info: \pdf@primitive is available.
Package pdftexcmds Info: \pdf@ifprimitive is available.
Package pdftexcmds Info: \pdfdraftmode found.
Package: pdfescape 2016/05/16 v1.14 Implements pdfTeX's escape features (HO)
Package: bigintcalc 2016/05/16 v1.4 Expandable calculations on big integers (HO
)
Package: bitset 2016/05/16 v1.2 Handle bit-vector datatype (HO)
Package: uniquecounter 2016/05/16 v1.3 Provide unlimited unique counter (HO)
)
Package hobsub Info: Skipping package `hobsub' (already loaded).
Package: letltxmacro 2016/05/16 v1.5 Let assignment for LaTeX macros (HO)
Package: hopatch 2016/05/16 v1.3 Wrapper for package hooks (HO)
Package: xcolor-patch 2016/05/16 xcolor patch
Package: atveryend 2016/05/16 v1.9 Hooks at the very end of document (HO)
Package atveryend Info: \enddocument detected (standard20110627).
Package: atbegshi 2016/06/09 v1.18 At begin shipout hook (HO)
Package: refcount 2016/05/16 v3.5 Data extraction from label references (HO)
Package: hycolor 2016/05/16 v1.8 Color options for hyperref/bookmark (HO)
)
("D:\Program Files\MiKTeX 2.9\tex\generic\ifxetex\ifxetex.sty"
Package: ifxetex 2010/09/12 v0.6 Provides ifxetex conditional
)
("D:\Program Files\MiKTeX 2.9\tex\latex\oberdiek\auxhook.sty"
Package: auxhook 2016/05/16 v1.4 Hooks for auxiliary files (HO)
)
("D:\Program Files\MiKTeX 2.9\tex\latex\oberdiek\kvoptions.sty"
Package: kvoptions 2016/05/16 v3.12 Key value format for package options (HO)
)
\@linkdim=\dimen114
\Hy@linkcounter=\count101
\Hy@pagecounter=\count102

("D:\Program Files\MiKTeX 2.9\tex\latex\hyperref\pd1enc.def"
File: pd1enc.def 2016/06/24 v6.83q Hyperref: PDFDocEncoding definition (HO)
)
\Hy@SavedSpaceFactor=\count103

("D:\Program Files\MiKTeX 2.9\tex\latex\00miktex\hyperref.cfg"
File: hyperref.cfg 2002/06/06 v1.2 hyperref configuration of TeXLive
)
Package hyperref Info: Option `bookmarks' set `true' on input line 4362.
Package hyperref Info: Option `colorlinks' set `false' on input line 4362.
Package hyperref Info: Hyper figures OFF on input line 4486.
Package hyperref Info: Link nesting OFF on input line 4491.
Package hyperref Info: Hyper index ON on input line 4494.
Package hyperref Info: Plain pages OFF on input line 4501.
Package hyperref Info: Backreferencing OFF on input line 4506.
Package hyperref Info: Implicit mode ON; LaTeX internals redefined.
Package hyperref Info: Bookmarks ON on input line 4735.
\c@Hy@tempcnt=\count104
LaTeX Info: Redefining \url on input line 5088.
\XeTeXLinkMargin=\dimen115
\Fld@menulength=\count105
\Field@Width=\dimen116
\Fld@charsize=\dimen117
Package hyperref Info: Hyper figures OFF on input line 6342.
Package hyperref Info: Link nesting OFF on input line 6347.
Package hyperref Info: Hyper index ON on input line 6350.
Package hyperref Info: backreferencing OFF on input line 6357.
Package hyperref Info: Link coloring OFF on input line 6362.
Package hyperref Info: Link coloring with OCG OFF on input line 6367.
Package hyperref Info: PDF/A mode OFF on input line 6372.
LaTeX Info: Redefining \ref on input line 6412.
LaTeX Info: Redefining \pageref on input line 6416.
\Hy@abspage=\count106
\c@Item=\count107
\c@Hfootnote=\count108
)

Package hyperref Message: Driver (autodetected): hpdftex.

("D:\Program Files\MiKTeX 2.9\tex\latex\hyperref\hpdftex.def"
File: hpdftex.def 2016/06/24 v6.83q Hyperref driver for pdfTeX
\Fld@listcount=\count109
\c@bookmark@seq@number=\count110

("D:\Program Files\MiKTeX 2.9\tex\latex\oberdiek\rerunfilecheck.sty"
Package: rerunfilecheck 2016/05/16 v1.8 Rerun checks for auxiliary files (HO)
Package uniquecounter Info: New unique counter `rerunfilecheck' on input line 2
82.
)
\Hy@SectionHShift=\skip46
)
(report.aux

LaTeX Warning: Label `fig:8' multiply defined.


LaTeX Warning: Label `fig:8' multiply defined.


LaTeX Warning: Label `fig:8' multiply defined.


LaTeX Warning: Label `fig:8' multiply defined.

)
\openout1 = `report.aux'.

LaTeX Font Info:    Checking defaults for OML/cmm/m/it on input line 14.
LaTeX Font Info:    ... okay on input line 14.
LaTeX Font Info:    Checking defaults for T1/cmr/m/n on input line 14.
LaTeX Font Info:    ... okay on input line 14.
LaTeX Font Info:    Checking defaults for OT1/cmr/m/n on input line 14.
LaTeX Font Info:    ... okay on input line 14.
LaTeX Font Info:    Checking defaults for OMS/cmsy/m/n on input line 14.
LaTeX Font Info:    ... okay on input line 14.
LaTeX Font Info:    Checking defaults for OMX/cmex/m/n on input line 14.
LaTeX Font Info:    ... okay on input line 14.
LaTeX Font Info:    Checking defaults for U/cmr/m/n on input line 14.
LaTeX Font Info:    ... okay on input line 14.
LaTeX Font Info:    Checking defaults for PD1/pdf/m/n on input line 14.
LaTeX Font Info:    ... okay on input line 14.
 ("D:\Program Files\MiKTeX 2.9\tex\context\base\supp-pdf.mkii"
[Loading MPS to PDF converter (version 2006.09.02).]
\scratchcounter=\count111
\scratchdimen=\dimen118
\scratchbox=\box28
\nofMPsegments=\count112
\nofMParguments=\count113
\everyMPshowfont=\toks20
\MPscratchCnt=\count114
\MPscratchDim=\dimen119
\MPnumerator=\count115
\makeMPintoPDFobject=\count116
\everyMPtoPDFconversion=\toks21
) ("D:\Program Files\MiKTeX 2.9\tex\latex\oberdiek\epstopdf-base.sty"
Package: epstopdf-base 2016/05/15 v2.6 Base part for package epstopdf

("D:\Program Files\MiKTeX 2.9\tex\latex\oberdiek\grfext.sty"
Package: grfext 2016/05/16 v1.2 Manage graphics extensions (HO)
)
Package epstopdf-base Info: Redefining graphics rule for `.eps' on input line 4
38.
Package grfext Info: Graphics extension search list:
(grfext)             [.png,.pdf,.jpg,.mps,.jpeg,.jbig2,.jb2,.PNG,.PDF,.JPG,.JPE
G,.JBIG2,.JB2,.eps]
(grfext)             \AppendGraphicsExtensions on input line 456.
)
\AtBeginShipoutBox=\box29
Package hyperref Info: Link coloring OFF on input line 14.

("D:\Program Files\MiKTeX 2.9\tex\latex\hyperref\nameref.sty"
Package: nameref 2016/05/21 v2.44 Cross-referencing by name of section

("D:\Program Files\MiKTeX 2.9\tex\generic\oberdiek\gettitlestring.sty"
Package: gettitlestring 2016/05/16 v1.5 Cleanup title references (HO)
)
\c@section@level=\count117
)
LaTeX Info: Redefining \ref on input line 14.
LaTeX Info: Redefining \pageref on input line 14.
LaTeX Info: Redefining \nameref on input line 14.

(report.out) (report.out)
\@outlinefile=\write3
\openout3 = `report.out'.

 (title.tex
<SIES_GST.png, id=95, 306.39468pt x 153.57375pt>
File: SIES_GST.png Graphic file (type png)
 <use SIES_GST.png>
Package pdftex.def Info: SIES_GST.png used on input line 34.
(pdftex.def)             Requested size: 209.5831pt x 105.04974pt.
 [1

{C:/ProgramData/MiKTeX/2.9/pdftex/config/pdftex.map} <./SIES_GST.png>]) (certif
icate.tex
Underfull \hbox (badness 10000) in paragraph at lines 10--11

 []


Overfull \hbox (8.10568pt too wide) in paragraph at lines 30--37
 [][] 
 []


Underfull \hbox (badness 10000) in paragraph at lines 39--41

 []


Underfull \hbox (badness 10000) in paragraph at lines 43--44

 []


Underfull \hbox (badness 10000) in paragraph at lines 45--46

 []


Underfull \hbox (badness 10000) in paragraph at lines 47--48

 []

) (acknow.texpdfTeX warning (ext4): destination with the same identifier (name{
page.1}) has been already used, duplicate ignored
<to be read again> 
                   \relax 
l.10 \chapter
             *{Acknowledgments} [1]) [2

] (abstract.tex
Missing character: There is no ‚ in font cmr12!
Missing character: There is no Ä in font cmr12!
Missing character: There is no ô in font cmr12!
pdfTeX warning (ext4): destination with the same identifier (name{page.1}) has 
been already used, duplicate ignored
<to be read again> 
                   \relax 
l.17 \end{abstract}
                    [1]) (report.toc)
\tf@toc=\write4
\openout4 = `report.toc'.

pdfTeX warning (ext4): destination with the same identifier (name{page.1}) has 
been already used, duplicate ignored
<to be read again> 
                   \relax 
l.31 \pagenumbering
                   {roman} [1

] (report.lof)
\tf@lof=\write5
\openout5 = `report.lof'.

 [1

] (introduction.tex
Chapter 1.
Missing character: There is no ‚ in font cmr12!
Missing character: There is no Ä in font cmr12!
Missing character: There is no ô in font cmr12!
Missing character: There is no ‚ in font cmr12!
Missing character: There is no Ä in font cmr12!
Missing character: There is no ¢ in font cmr12!
Missing character: There is no ‚ in font cmr12!
Missing character: There is no Ä in font cmr12!
Missing character: There is no ì in font cmr12!
Missing character: There is no ‚ in font cmr12!
Missing character: There is no Ä in font cmr12!
Missing character: There is no ¢ in font cmr12!
Missing character: There is no ‚ in font cmr12!
Missing character: There is no Ä in font cmr12!
Missing character: There is no ì in font cmr12!
Missing character: There is no ‚ in font cmr12!
Missing character: There is no Ä in font cmr12!
Missing character: There is no ¢ in font cmr12!
Missing character: There is no ‚ in font cmr12!
Missing character: There is no Ä in font cmr12!
Missing character: There is no ì in font cmr12!
pdfTeX warning (ext4): destination with the same identifier (name{page.1}) has 
been already used, duplicate ignored
<to be read again> 
                   \relax 
l.24 
      [1

]
LaTeX Font Info:    Try loading font information for OMS+cmr on input line 51.
 ("D:\Program Files\MiKTeX 2.9\tex\latex\base\omscmr.fd"
File: omscmr.fd 2014/09/29 v2.5h Standard LaTeX font definitions
)
LaTeX Font Info:    Font shape `OMS/cmr/m/n' in size <12> not available
(Font)              Font shape `OMS/cmsy/m/n' tried instead on input line 51.
pdfTeX warning (ext4): destination with the same identifier (name{page.2}) has 
been already used, duplicate ignored
<to be read again> 
                   \relax 
l.53  		\item K
               nowledge of android eco-system. [2]) (Literature_Survey.tex
[3]
Chapter 2.
[4

]
Missing character: There is no ‚ in font cmr12!
Missing character: There is no Ä in font cmr12!
Missing character: There is no ô in font cmr12!
 [5]
Missing character: There is no ‚ in font cmr12!
Missing character: There is no Ä in font cmr12!
Missing character: There is no ú in font cmr12!
Missing character: There is no ‚ in font cmr12!
Missing character: There is no Ä in font cmr12!
Missing character: There is no ù in font cmr12!
Missing character: There is no ‚ in font cmr12!
Missing character: There is no Ä in font cmr12!
Missing character: There is no ô in font cmr12!
Missing character: There is no ‚ in font cmr12!
Missing character: There is no Ä in font cmr12!
Missing character: There is no ô in font cmr12!
Missing character: There is no ‚ in font cmr12!
Missing character: There is no Ä in font cmr12!
Missing character: There is no ô in font cmr12!
Missing character: There is no ‚ in font cmr12!
Missing character: There is no Ä in font cmr12!
Missing character: There is no ô in font cmr12!
Missing character: There is no ‚ in font cmr12!
Missing character: There is no Ä in font cmr12!
Missing character: There is no ¢ in font cmr12!
Missing character: There is no ‚ in font cmr12!
Missing character: There is no Ä in font cmr12!
Missing character: There is no ¢ in font cmr12!
Missing character: There is no ‚ in font cmr12!
Missing character: There is no Ä in font cmr12!
Missing character: There is no ¢ in font cmr12!
) (implementation.tex [6]
Chapter 3.
<iterative1.png, id=203, 874.26625pt x 377.41pt>
File: iterative1.png Graphic file (type png)
 <use iterative1.png>
Package pdftex.def Info: iterative1.png used on input line 13.
(pdftex.def)             Requested size: 397.48499pt x 171.58936pt.
 [7

 <./iterative1.png>] [8]
Missing character: There is no ‚ in font cmr12!
Missing character: There is no Ä in font cmr12!
Missing character: There is no ô in font cmr12!
 <sysarc.png, id=213, 695.59875pt x 252.19218pt>
File: sysarc.png Graphic file (type png)

<use sysarc.png>
Package pdftex.def Info: sysarc.png used on input line 56.
(pdftex.def)             Requested size: 397.48499pt x 144.1089pt.
 <workflow.png, id=215, 733.74126pt x 602.25pt>
File: workflow.png Graphic file (type png)

<use workflow.png>
Package pdftex.def Info: workflow.png used on input line 66.
(pdftex.def)             Requested size: 397.48499pt x 326.25777pt.


LaTeX Warning: `!h' float specifier changed to `!ht'.

<dfd.png, id=216, 1275.93932pt x 740.14449pt>
File: dfd.png Graphic file (type png)
 <use dfd.png>
Package pdftex.def Info: dfd.png used on input line 74.
(pdftex.def)             Requested size: 397.48499pt x 230.57178pt.


LaTeX Warning: `!h' float specifier changed to `!ht'.

<class.png, id=217, 557.83406pt x 296.60812pt>
File: class.png Graphic file (type png)
 <use class.png>
Package pdftex.def Info: class.png used on input line 82.
(pdftex.def)             Requested size: 397.48499pt x 211.35358pt.


LaTeX Warning: `!h' float specifier changed to `!ht'.

<usecase.png, id=218, 1192.13522pt x 1309.81381pt>
File: usecase.png Graphic file (type png)
 <use usecase.png>
Package pdftex.def Info: usecase.png used on input line 91.
(pdftex.def)             Requested size: 397.48499pt x 436.71678pt.


LaTeX Warning: `!h' float specifier changed to `!ht'.

<activity.png, id=219, 616.55344pt x 668.4975pt>
File: activity.png Graphic file (type png)
 <use activity.png>
Package pdftex.def Info: activity.png used on input line 103.
(pdftex.def)             Requested size: 397.48499pt x 430.97867pt.


LaTeX Warning: `!h' float specifier changed to `!ht'.

<sequence.png, id=220, 769.87625pt x 480.79625pt>
File: sequence.png Graphic file (type png)
 <use sequence.png>
Package pdftex.def Info: sequence.png used on input line 112.
(pdftex.def)             Requested size: 397.48499pt x 248.24008pt.


LaTeX Warning: `!h' float specifier changed to `!ht'.

[9 <./sysarc.png>] [10 <./workflow.png (PNG copy)>] [11 <./dfd.png (PNG copy)> 
<./class.png>] [12 <./usecase.png (PNG copy)>] [13 <./activity.png>] [14 <./seq
uence.png (PNG copy)>]
Overfull \hbox (62.48402pt too wide) in paragraph at lines 156--156
[]\OT1/cmtt/m/n/12 if (intent.getAction() != null && (intent.getAction().equals
(SMS_RECEIVED))) {[] 
 []


Overfull \hbox (19.259pt too wide) in paragraph at lines 156--156
[]\OT1/cmtt/m/n/12 SmsMessage currentMessage = SmsMessage.createFromPdu((byte[]
) pdus[i]);[] 
 []

[15

]
Overfull \hbox (50.13402pt too wide) in paragraph at lines 195--195
[]\OT1/cmtt/m/n/12 Cursor c = cr.query(Telephony.Sms.Inbox.CONTENT_URI, // Offi
cial CONTENT_URI[] 
 []


Overfull \hbox (68.65903pt too wide) in paragraph at lines 195--195
[]\OT1/cmtt/m/n/12 Telephony.Sms.Inbox.BODY,  Telephony.Sms.Inbox.DATE_SENT }, 
// Select body text[] 
 []

[16]
Overfull \hbox (6.909pt too wide) in paragraph at lines 225--225
[]\OT1/cmtt/m/n/12 Cursor cursor=c.query(CallLog.Calls.CONTENT_URI,null,null,nu
ll,null);[] 
 []


Overfull \hbox (74.83403pt too wide) in paragraph at lines 225--225
[]\OT1/cmtt/m/n/12 String phNumber = cursor.getString(cursor.getColumnIndex(Cal
lLog.Calls.NUMBER));[] 
 []


Overfull \hbox (62.48402pt too wide) in paragraph at lines 225--225
[]\OT1/cmtt/m/n/12 String callType = cursor.getString(cursor.getColumnIndex(Cal
lLog.Calls.TYPE));[] 
 []


Overfull \hbox (62.48402pt too wide) in paragraph at lines 225--225
[]\OT1/cmtt/m/n/12 String callDate = cursor.getString(cursor.getColumnIndex(Cal
lLog.Calls.DATE));[] 
 []


Overfull \hbox (130.40906pt too wide) in paragraph at lines 225--225
[] \OT1/cmtt/m/n/12 Integer.parseInt(callType) == CallLog.Calls.MISSED_TYPE || 
Integer.parseInt(callType) ==[] 
 []


Overfull \hbox (43.95901pt too wide) in paragraph at lines 225--225
[]\OT1/cmtt/m/n/12 sb.append("\n Phone Number: " + phNumber + "   Call Date: " 
+ callDayTime);[] 
 []

[17]
Overfull \hbox (56.30902pt too wide) in paragraph at lines 268--268
[] \OT1/cmtt/m/n/12 public void contacts(String phoneNumber,String messageBody,
 String password,[] 
 []


Overfull \hbox (81.00903pt too wide) in paragraph at lines 268--268
[]\OT1/cmtt/m/n/12 Cursor cursor=c.query(ContactsContract.Contacts.CONTENT_URI,
null,null,null,null);[] 
 []


Overfull \hbox (19.259pt too wide) in paragraph at lines 268--268
[]\OT1/cmtt/m/n/12 String substr=messageBody.substring(messageBody.indexOf("get
contact"));[] 
 []


Overfull \hbox (81.00903pt too wide) in paragraph at lines 268--268
[]\OT1/cmtt/m/n/12 String id=cursor.getString(cursor.getColumnIndex(ContactsCon
tract.Contacts._ID));[] 
 []


Overfull \hbox (68.65903pt too wide) in paragraph at lines 268--268
[]\OT1/cmtt/m/n/12 Cursor pcursor=c.query(ContactsContract.CommonDataKinds.Phon
e.CONTENT_URI,null,[] 
 []


Overfull \hbox (62.48402pt too wide) in paragraph at lines 268--268
[]\OT1/cmtt/m/n/12 ContactsContract.CommonDataKinds.Phone.CONTACT_ID+"=?",new S
tring[]{id},null);[] 
 []

[18]
Overfull \hbox (81.00903pt too wide) in paragraph at lines 331--331
[]\OT1/cmtt/m/n/12 mLastLocation=LocationServices.FusedLocationApi.getLastLocat
ion(mLocationClient);[] 
 []


Overfull \hbox (81.00903pt too wide) in paragraph at lines 331--331
[]\OT1/cmtt/m/n/12 Geocoder geocoder=new Geocoder(mcontext.getApplicationContex
t(), Locale.ENGLISH);[] 
 []


Overfull \hbox (43.95901pt too wide) in paragraph at lines 331--331
[]\OT1/cmtt/m/n/12 List<android.location.Address> addresses=geocoder.getFromLoc
ation(latitude,[] 
 []


Overfull \hbox (0.734pt too wide) in paragraph at lines 331--331
[]\OT1/cmtt/m/n/12 +fetchedAddress.getLocality()+"-"+fetchedAddress.getPostalCo
de()+","[] 
 []

[19] [20] <1.png, id=285, 179.67125pt x 293.095pt>
File: 1.png Graphic file (type png)
 <use 1.png>
Package pdftex.def Info: 1.png used on input line 336.
(pdftex.def)             Requested size: 143.73717pt x 234.4763pt.

<2.png, id=286, 180.17313pt x 294.09875pt>
File: 2.png Graphic file (type png)
 <use 2.png>
Package pdftex.def Info: 2.png used on input line 344.
(pdftex.def)             Requested size: 144.13867pt x 235.27931pt.

<3.png, id=287, 182.18062pt x 295.1025pt>
File: 3.png Graphic file (type png)
 <use 3.png>
Package pdftex.def Info: 3.png used on input line 352.
(pdftex.def)             Requested size: 145.74467pt x 236.0823pt.


LaTeX Warning: `!h' float specifier changed to `!ht'.

<4.png, id=288, 179.16937pt x 293.095pt>
File: 4.png Graphic file (type png)
 <use 4.png>
Package pdftex.def Info: 4.png used on input line 360.
(pdftex.def)             Requested size: 143.33568pt x 234.4763pt.


LaTeX Warning: `!h' float specifier changed to `!ht'.

) (result_discussion.tex [21 <./1.png> <./2.png>] [22 <./3.png> <./4.png>]
Chapter 4.
<examplecalllog.png, id=301, 180.17313pt x 294.09875pt>
File: examplecalllog.png Graphic file (type png)

<use examplecalllog.png>
Package pdftex.def Info: examplecalllog.png used on input line 7.
(pdftex.def)             Requested size: 126.12032pt x 205.8677pt.
 [23

 <./examplecalllog.png>]) (conclusion_future.tex
[24]
Chapter 5.

Underfull \hbox (badness 10000) in paragraph at lines 5--29

 []


Underfull \hbox (badness 10000) in paragraph at lines 5--29

 []

) (ref.tex [25

]
Missing character: There is no ‚ in font cmr12!
Missing character: There is no Ä in font cmr12!
Missing character: There is no ô in font cmr12!

Underfull \hbox (badness 10000) in paragraph at lines 35--36
[]\OT1/cmr/m/n/12 https://developer.android.com/guide/topics/providers/contacts
-
 []


Overfull \hbox (181.47063pt too wide) in paragraph at lines 38--39
[]\OT1/cmr/m/n/12 https://developers.google.com/android/reference/com/google/an
droid/gms/location/FusedLocationProviderApi 
 []


Overfull \hbox (8.03769pt too wide) in paragraph at lines 41--42
[]\OT1/cmr/m/n/12 https://developer.android.com/reference/android/provider/Call
Log.Calls.html 
 []

)
Package atveryend Info: Empty hook `BeforeClearDocument' on input line 46.
 [26

]
Package atveryend Info: Empty hook `AfterLastShipout' on input line 46.
 (report.aux)
Package atveryend Info: Executing hook `AtVeryEndDocument' on input line 46.
Package atveryend Info: Executing hook `AtEndAfterFileList' on input line 46.
Package rerunfilecheck Info: File `report.out' has not changed.
(rerunfilecheck)             Checksum: 9D7CF7B01B2F4EE8A1844B0605786B5A;1395.


LaTeX Warning: There were multiply-defined labels.

Package atveryend Info: Empty hook `AtVeryVeryEnd' on input line 46.
 ) 
Here is how much of TeX's memory you used:
 5926 strings out of 493333
 85111 string characters out of 3139194
 173964 words of memory out of 3000000
 9289 multiletter control sequences out of 15000+200000
 9951 words of font info for 36 fonts, out of 3000000 for 9000
 1141 hyphenation exceptions out of 8191
 28i,9n,28p,1619b,442s stack positions out of 5000i,500n,10000p,200000b,50000s
<D:/Program Files/MiKTeX 2.9/fonts/type1/public/amsfonts/cm/cmbx10.pfb><D:/Pr
ogram Files/MiKTeX 2.9/fonts/type1/public/amsfonts/cm/cmbx12.pfb><D:/Program Fi
les/MiKTeX 2.9/fonts/type1/public/amsfonts/cm/cmr10.pfb><D:/Program Files/MiKTe
X 2.9/fonts/type1/public/amsfonts/cm/cmr12.pfb><D:/Program Files/MiKTeX 2.9/fon
ts/type1/public/amsfonts/cm/cmsy10.pfb><D:/Program Files/MiKTeX 2.9/fonts/type1
/public/amsfonts/cm/cmtt12.pfb>
Output written on report.pdf (32 pages, 687375 bytes).
PDF statistics:
 368 PDF objects out of 1000 (max. 8388607)
 86 named destinations out of 1000 (max. 500000)
 255 words of extra memory for PDF output out of 10000 (max. 10000000)

