\BOOKMARK [0][-]{chapter*.3}{List of Figures}{}% 1
\BOOKMARK [0][-]{chapter.1}{INTRODUCTION}{}% 2
\BOOKMARK [1][-]{section.1.1}{Background}{chapter.1}% 3
\BOOKMARK [1][-]{section.1.2}{Objective}{chapter.1}% 4
\BOOKMARK [1][-]{section.1.3}{Purpose, Scope and Applicability}{chapter.1}% 5
\BOOKMARK [2][-]{subsection.1.3.1}{Purpose}{section.1.3}% 6
\BOOKMARK [2][-]{subsection.1.3.2}{Scope}{section.1.3}% 7
\BOOKMARK [2][-]{subsection.1.3.3}{Applicability}{section.1.3}% 8
\BOOKMARK [0][-]{chapter.2}{LITERATURE SURVEY}{}% 9
\BOOKMARK [1][-]{section.2.1}{Literature Survey}{chapter.2}% 10
\BOOKMARK [2][-]{subsection.2.1.1}{Existing System}{section.2.1}% 11
\BOOKMARK [2][-]{subsection.2.1.2}{Proposed System}{section.2.1}% 12
\BOOKMARK [2][-]{subsection.2.1.3}{Security Perspective}{section.2.1}% 13
\BOOKMARK [1][-]{section.2.2}{Problem Definition}{chapter.2}% 14
\BOOKMARK [0][-]{chapter.3}{IMPLEMENTATION}{}% 15
\BOOKMARK [1][-]{section.3.1}{Methodology}{chapter.3}% 16
\BOOKMARK [1][-]{section.3.2}{Software}{chapter.3}% 17
\BOOKMARK [1][-]{section.3.3}{Design and Modeling}{chapter.3}% 18
\BOOKMARK [1][-]{section.3.4}{Implementation}{chapter.3}% 19
\BOOKMARK [1][-]{section.3.5}{GUI}{chapter.3}% 20
\BOOKMARK [0][-]{chapter.4}{RESULT AND DISCUSSION}{}% 21
\BOOKMARK [0][-]{chapter.5}{CONCLUSION AND FUTURE SCOPE}{}% 22
\BOOKMARK [0][-]{section*.10}{REFERENCES}{}% 23
